Determining if the pthread_create exist failed with the following output:
Change Dir: /media/patrik/D/FIT/fyo/projekt2/build/CMakeFiles/CMakeTmp

Run Build Command:"/usr/bin/make" "cmTC_1d1de/fast"
/usr/bin/make -f CMakeFiles/cmTC_1d1de.dir/build.make CMakeFiles/cmTC_1d1de.dir/build
make[1]: Vstupuje se do adresáře „/media/patrik/D/FIT/fyo/projekt2/build/CMakeFiles/CMakeTmp“
Building C object CMakeFiles/cmTC_1d1de.dir/CheckSymbolExists.c.o
/usr/bin/cc    -o CMakeFiles/cmTC_1d1de.dir/CheckSymbolExists.c.o   -c /media/patrik/D/FIT/fyo/projekt2/build/CMakeFiles/CMakeTmp/CheckSymbolExists.c
Linking C executable cmTC_1d1de
/usr/bin/cmake -E cmake_link_script CMakeFiles/cmTC_1d1de.dir/link.txt --verbose=1
/usr/bin/cc      -rdynamic CMakeFiles/cmTC_1d1de.dir/CheckSymbolExists.c.o  -o cmTC_1d1de 
CMakeFiles/cmTC_1d1de.dir/CheckSymbolExists.c.o: In function `main':
CheckSymbolExists.c:(.text+0x1b): undefined reference to `pthread_create'
collect2: error: ld returned 1 exit status
CMakeFiles/cmTC_1d1de.dir/build.make:97: recipe for target 'cmTC_1d1de' failed
make[1]: *** [cmTC_1d1de] Error 1
make[1]: Opouští se adresář „/media/patrik/D/FIT/fyo/projekt2/build/CMakeFiles/CMakeTmp“
Makefile:126: recipe for target 'cmTC_1d1de/fast' failed
make: *** [cmTC_1d1de/fast] Error 2

File /media/patrik/D/FIT/fyo/projekt2/build/CMakeFiles/CMakeTmp/CheckSymbolExists.c:
/* */
#include <pthread.h>

int main(int argc, char** argv)
{
  (void)argv;
#ifndef pthread_create
  return ((int*)(&pthread_create))[argc];
#else
  (void)argc;
  return 0;
#endif
}

Determining if the function pthread_create exists in the pthreads failed with the following output:
Change Dir: /media/patrik/D/FIT/fyo/projekt2/build/CMakeFiles/CMakeTmp

Run Build Command:"/usr/bin/make" "cmTC_c1566/fast"
/usr/bin/make -f CMakeFiles/cmTC_c1566.dir/build.make CMakeFiles/cmTC_c1566.dir/build
make[1]: Vstupuje se do adresáře „/media/patrik/D/FIT/fyo/projekt2/build/CMakeFiles/CMakeTmp“
Building C object CMakeFiles/cmTC_c1566.dir/CheckFunctionExists.c.o
/usr/bin/cc   -DCHECK_FUNCTION_EXISTS=pthread_create   -o CMakeFiles/cmTC_c1566.dir/CheckFunctionExists.c.o   -c /usr/share/cmake-3.10/Modules/CheckFunctionExists.c
Linking C executable cmTC_c1566
/usr/bin/cmake -E cmake_link_script CMakeFiles/cmTC_c1566.dir/link.txt --verbose=1
/usr/bin/cc  -DCHECK_FUNCTION_EXISTS=pthread_create    -rdynamic CMakeFiles/cmTC_c1566.dir/CheckFunctionExists.c.o  -o cmTC_c1566 -lpthreads 
/usr/bin/ld: cannot find -lpthreads
collect2: error: ld returned 1 exit status
CMakeFiles/cmTC_c1566.dir/build.make:97: recipe for target 'cmTC_c1566' failed
make[1]: *** [cmTC_c1566] Error 1
make[1]: Opouští se adresář „/media/patrik/D/FIT/fyo/projekt2/build/CMakeFiles/CMakeTmp“
Makefile:126: recipe for target 'cmTC_c1566/fast' failed
make: *** [cmTC_c1566/fast] Error 2


