Determining if the pthread_create exist failed with the following output:
Change Dir: /home/patrik/fyo/cmake-build-release/CMakeFiles/CMakeTmp

Run Build Command:"/usr/bin/make" "cmTC_29916/fast"
/usr/bin/make -f CMakeFiles/cmTC_29916.dir/build.make CMakeFiles/cmTC_29916.dir/build
make[1]: Vstupuje se do adresáře „/home/patrik/fyo/cmake-build-release/CMakeFiles/CMakeTmp“
Building C object CMakeFiles/cmTC_29916.dir/CheckSymbolExists.c.o
/usr/bin/cc    -o CMakeFiles/cmTC_29916.dir/CheckSymbolExists.c.o   -c /home/patrik/fyo/cmake-build-release/CMakeFiles/CMakeTmp/CheckSymbolExists.c
Linking C executable cmTC_29916
/home/patrik/bin/clion-2018.3.4/bin/cmake/linux/bin/cmake -E cmake_link_script CMakeFiles/cmTC_29916.dir/link.txt --verbose=1
/usr/bin/cc      -rdynamic CMakeFiles/cmTC_29916.dir/CheckSymbolExists.c.o  -o cmTC_29916 
CMakeFiles/cmTC_29916.dir/CheckSymbolExists.c.o: In function `main':
CheckSymbolExists.c:(.text+0x1b): undefined reference to `pthread_create'
collect2: error: ld returned 1 exit status
CMakeFiles/cmTC_29916.dir/build.make:86: recipe for target 'cmTC_29916' failed
make[1]: *** [cmTC_29916] Error 1
make[1]: Opouští se adresář „/home/patrik/fyo/cmake-build-release/CMakeFiles/CMakeTmp“
Makefile:121: recipe for target 'cmTC_29916/fast' failed
make: *** [cmTC_29916/fast] Error 2

File /home/patrik/fyo/cmake-build-release/CMakeFiles/CMakeTmp/CheckSymbolExists.c:
/* */
#include <pthread.h>

int main(int argc, char** argv)
{
  (void)argv;
#ifndef pthread_create
  return ((int*)(&pthread_create))[argc];
#else
  (void)argc;
  return 0;
#endif
}

Determining if the function pthread_create exists in the pthreads failed with the following output:
Change Dir: /home/patrik/fyo/cmake-build-release/CMakeFiles/CMakeTmp

Run Build Command:"/usr/bin/make" "cmTC_e7ba9/fast"
/usr/bin/make -f CMakeFiles/cmTC_e7ba9.dir/build.make CMakeFiles/cmTC_e7ba9.dir/build
make[1]: Vstupuje se do adresáře „/home/patrik/fyo/cmake-build-release/CMakeFiles/CMakeTmp“
Building C object CMakeFiles/cmTC_e7ba9.dir/CheckFunctionExists.c.o
/usr/bin/cc   -DCHECK_FUNCTION_EXISTS=pthread_create   -o CMakeFiles/cmTC_e7ba9.dir/CheckFunctionExists.c.o   -c /home/patrik/bin/clion-2018.3.4/bin/cmake/linux/share/cmake-3.13/Modules/CheckFunctionExists.c
Linking C executable cmTC_e7ba9
/home/patrik/bin/clion-2018.3.4/bin/cmake/linux/bin/cmake -E cmake_link_script CMakeFiles/cmTC_e7ba9.dir/link.txt --verbose=1
/usr/bin/cc  -DCHECK_FUNCTION_EXISTS=pthread_create    -rdynamic CMakeFiles/cmTC_e7ba9.dir/CheckFunctionExists.c.o  -o cmTC_e7ba9 -lpthreads 
/usr/bin/ld: cannot find -lpthreads
collect2: error: ld returned 1 exit status
CMakeFiles/cmTC_e7ba9.dir/build.make:86: recipe for target 'cmTC_e7ba9' failed
make[1]: *** [cmTC_e7ba9] Error 1
make[1]: Opouští se adresář „/home/patrik/fyo/cmake-build-release/CMakeFiles/CMakeTmp“
Makefile:121: recipe for target 'cmTC_e7ba9/fast' failed
make: *** [cmTC_e7ba9/fast] Error 2


